#
# There is insufficient memory for the Java Runtime Environment to continue.
# Native memory allocation (mmap) failed to map 134217728 bytes for G1 virtual space
# Possible reasons:
#   The system is out of physical RAM or swap space
#   The process is running with CompressedOops enabled, and the Java Heap may be blocking the growth of the native heap
# Possible solutions:
#   Reduce memory load on the system
#   Increase physical memory or swap space
#   Check if swap backing store is full
#   Decrease Java heap size (-Xmx/-Xms)
#   Decrease number of Java threads
#   Decrease Java thread stack sizes (-Xss)
#   Set larger code cache with -XX:ReservedCodeCacheSize=
#   JVM is running with Unscaled Compressed Oops mode in which the Java heap is
#     placed in the first 4GB address space. The Java Heap base address is the
#     maximum limit for the native heap growth. Please use -XX:HeapBaseMinAddress
#     to set the Java Heap base and to place the Java Heap above 4GB virtual address.
# This output file may be truncated or incomplete.
#
#  Out of Memory Error (os_windows.cpp:3466), pid=14584, tid=2908
#
# JRE version:  (16.0.2+7) (build )
# Java VM: Java HotSpot(TM) 64-Bit Server VM (16.0.2+7-67, mixed mode, sharing, tiered, compressed oops, compressed class ptrs, g1 gc, windows-amd64)
# No core dump will be written. Minidumps are not enabled by default on client versions of Windows
#

---------------  S U M M A R Y ------------

Command Line: -Dfile.encoding=Cp1252 -XX:+ShowCodeDetailsInExceptionMessages src.Collectors.collectorsDemo

Host: Intel(R) Core(TM) i5-8265U CPU @ 1.60GHz, 8 cores, 7G,  Windows 10 , 64 bit Build 19041 (10.0.19041.2364)
Time: Sun Jan 29 22:34:07 2023 India Standard Time elapsed time: 0.053389 seconds (0d 0h 0m 0s)

---------------  T H R E A D  ---------------

Current thread (0x000002b3653ba3e0):  JavaThread "Unknown thread" [_thread_in_vm, id=2908, stack(0x000000eafa300000,0x000000eafa400000)]

Stack: [0x000000eafa300000,0x000000eafa400000]
Native frames: (J=compiled Java code, j=interpreted, Vv=VM code, C=native code)
V  [jvm.dll+0x6681ca]
V  [jvm.dll+0x7c9e69]
V  [jvm.dll+0x7cb61e]
V  [jvm.dll+0x7cbc73]
V  [jvm.dll+0x242c55]
V  [jvm.dll+0x664f89]
V  [jvm.dll+0x659b75]
V  [jvm.dll+0x2fbfbb]
V  [jvm.dll+0x3031b6]
V  [jvm.dll+0x35299e]
V  [jvm.dll+0x352bcf]
V  [jvm.dll+0x2d3028]
V  [jvm.dll+0x2d4264]
V  [jvm.dll+0x79c741]
V  [jvm.dll+0x360791]
V  [jvm.dll+0x77a3f0]
V  [jvm.dll+0x3e4e8f]
V  [jvm.dll+0x3e6961]
C  [jli.dll+0x52fb]
C  [ucrtbase.dll+0x21bb2]
C  [KERNEL32.DLL+0x17614]
C  [ntdll.dll+0x526a1]


---------------  P R O C E S S  ---------------

Threads class SMR info:
_java_thread_list=0x00007ffb5f29cbb8, length=0, elements={
}

Java Threads: ( => current thread )

Other Threads:
  0x000002b3653fb110 GCTaskThread "GC Thread#0" [stack: 0x000000eafa400000,0x000000eafa500000] [id=17356]
  0x000002b36540c530 ConcurrentGCThread "G1 Main Marker" [stack: 0x000000eafa500000,0x000000eafa600000] [id=13756]
  0x000002b36540cfa0 ConcurrentGCThread "G1 Conc#0" [stack: 0x000000eafa600000,0x000000eafa700000] [id=16264]

[error occurred during error reporting (printing all threads), id 0xc0000005, EXCEPTION_ACCESS_VIOLATION (0xc0000005) at pc=0x00007ffb5ea73ee7]

VM state: not at safepoint (not fully initialized)

VM Mutex/Monitor currently owned by a thread:  ([mutex/lock_event])
[0x000002b3653b5000] Heap_lock - owner thread: 0x000002b3653ba3e0

Heap address: 0x0000000081e00000, size: 2018 MB, Compressed Oops mode: 32-bit

CDS archive(s) mapped at: [0x0000000000000000-0x0000000000000000-0x0000000000000000), size 0, SharedBaseAddress: 0x0000000800000000, ArchiveRelocationMode: 0.
Narrow klass base: 0x0000000000000000, Narrow klass shift: 0, Narrow klass range: 0x0

GC Precious Log:
<Empty>

Heap:
 garbage-first heap   total 0K, used 0K [0x0000000081e00000, 0x0000000100000000)
  region size 1024K, 0 young (0K), 0 survivors (0K)

[error occurred during error reporting (printing heap information), id 0xc0000005, EXCEPTION_ACCESS_VIOLATION (0xc0000005) at pc=0x00007ffb5ee51eed]

GC Heap History (0 events):
No events

Deoptimization events (0 events):
No events

Classes unloaded (0 events):
No events

Classes redefined (0 events):
No events

Internal exceptions (0 events):
No events

Events (1 events):
Event: 0.005 Loaded shared library C:\Program Files\Java\jdk-16.0.2\bin\java.dll


Dynamic libraries:
0x00007ff69aec0000 - 0x00007ff69aed0000 	C:\Program Files\Java\jdk-16.0.2\bin\javaw.exe
0x00007ffbb3e30000 - 0x00007ffbb4028000 	C:\WINDOWS\SYSTEM32\ntdll.dll
0x00007ffbb31f0000 - 0x00007ffbb32af000 	C:\WINDOWS\System32\KERNEL32.DLL
0x00007ffbb1740000 - 0x00007ffbb1a12000 	C:\WINDOWS\System32\KERNELBASE.dll
0x00007ffbb1d70000 - 0x00007ffbb1e70000 	C:\WINDOWS\System32\ucrtbase.dll
0x00007ffb9d510000 - 0x00007ffb9d528000 	C:\Program Files\Java\jdk-16.0.2\bin\jli.dll
0x00007ffb9e950000 - 0x00007ffb9e969000 	C:\Program Files\Java\jdk-16.0.2\bin\VCRUNTIME140.dll
0x00007ffbb2f30000 - 0x00007ffbb2fde000 	C:\WINDOWS\System32\ADVAPI32.dll
0x00007ffbb1e70000 - 0x00007ffbb1f0e000 	C:\WINDOWS\System32\msvcrt.dll
0x00007ffbb2170000 - 0x00007ffbb220c000 	C:\WINDOWS\System32\sechost.dll
0x00007ffbb1f10000 - 0x00007ffbb2035000 	C:\WINDOWS\System32\RPCRT4.dll
0x00007ffbb2fe0000 - 0x00007ffbb3181000 	C:\WINDOWS\System32\USER32.dll
0x00007ffbb1be0000 - 0x00007ffbb1c02000 	C:\WINDOWS\System32\win32u.dll
0x00007ffb8fed0000 - 0x00007ffb9016a000 	C:\WINDOWS\WinSxS\amd64_microsoft.windows.common-controls_6595b64144ccf1df_6.0.19041.1110_none_60b5254171f9507e\COMCTL32.dll
0x00007ffbb36f0000 - 0x00007ffbb371b000 	C:\WINDOWS\System32\GDI32.dll
0x00007ffbb1a20000 - 0x00007ffbb1b2f000 	C:\WINDOWS\System32\gdi32full.dll
0x00007ffbb15a0000 - 0x00007ffbb163d000 	C:\WINDOWS\System32\msvcp_win.dll
0x00007ffbac0f0000 - 0x00007ffbac0fa000 	C:\WINDOWS\SYSTEM32\VERSION.dll
0x00007ffbb3480000 - 0x00007ffbb34b2000 	C:\WINDOWS\System32\IMM32.DLL
0x00007ffbac430000 - 0x00007ffbac43c000 	C:\Program Files\Java\jdk-16.0.2\bin\vcruntime140_1.dll
0x00007ffb785a0000 - 0x00007ffb78631000 	C:\Program Files\Java\jdk-16.0.2\bin\msvcp140.dll
0x00007ffb5e790000 - 0x00007ffb5f33b000 	C:\Program Files\Java\jdk-16.0.2\bin\server\jvm.dll
0x00007ffbb3470000 - 0x00007ffbb3478000 	C:\WINDOWS\System32\PSAPI.DLL
0x00007ffb934e0000 - 0x00007ffb93507000 	C:\WINDOWS\SYSTEM32\WINMM.dll
0x00007ffb9b4c0000 - 0x00007ffb9b4c9000 	C:\WINDOWS\SYSTEM32\WSOCK32.dll
0x00007ffbb3730000 - 0x00007ffbb379b000 	C:\WINDOWS\System32\WS2_32.dll
0x00007ffbaf5c0000 - 0x00007ffbaf5d2000 	C:\WINDOWS\SYSTEM32\kernel.appcore.dll
0x00007ffbacff0000 - 0x00007ffbacffa000 	C:\Program Files\Java\jdk-16.0.2\bin\jimage.dll
0x00007ffbaf220000 - 0x00007ffbaf404000 	C:\WINDOWS\SYSTEM32\DBGHELP.DLL
0x00007ffba03e0000 - 0x00007ffba0415000 	C:\WINDOWS\SYSTEM32\dbgcore.DLL
0x00007ffbb1640000 - 0x00007ffbb16c2000 	C:\WINDOWS\System32\bcryptPrimitives.dll
0x00007ffb93490000 - 0x00007ffb934b5000 	C:\Program Files\Java\jdk-16.0.2\bin\java.dll

dbghelp: loaded successfully - version: 4.0.5 - missing functions: none
symbol engine: initialized successfully - sym options: 0x614 - pdb path: .;C:\Program Files\Java\jdk-16.0.2\bin;C:\WINDOWS\SYSTEM32;C:\WINDOWS\WinSxS\amd64_microsoft.windows.common-controls_6595b64144ccf1df_6.0.19041.1110_none_60b5254171f9507e;C:\Program Files\Java\jdk-16.0.2\bin\server

VM Arguments:
jvm_args: -Dfile.encoding=Cp1252 -XX:+ShowCodeDetailsInExceptionMessages 
java_command: src.Collectors.collectorsDemo
java_class_path (initial): C:\Learning\Programmin-Workspace\Java 8 Collectors complete\bin
Launcher Type: SUN_STANDARD

[Global flags]
     intx CICompilerCount                          = 4                                         {product} {ergonomic}
     uint ConcGCThreads                            = 2                                         {product} {ergonomic}
     uint G1ConcRefinementThreads                  = 8                                         {product} {ergonomic}
   size_t G1HeapRegionSize                         = 1048576                                   {product} {ergonomic}
    uintx GCDrainStackTargetSize                   = 64                                        {product} {ergonomic}
   size_t InitialHeapSize                          = 134217728                                 {product} {ergonomic}
   size_t MarkStackSize                            = 4194304                                   {product} {ergonomic}
   size_t MaxHeapSize                              = 2116026368                                {product} {ergonomic}
   size_t MinHeapDeltaBytes                        = 1048576                                   {product} {ergonomic}
   size_t MinHeapSize                              = 8388608                                   {product} {ergonomic}
    uintx NonNMethodCodeHeapSize                   = 5839372                                {pd product} {ergonomic}
    uintx NonProfiledCodeHeapSize                  = 122909434                              {pd product} {ergonomic}
    uintx ProfiledCodeHeapSize                     = 122909434                              {pd product} {ergonomic}
    uintx ReservedCodeCacheSize                    = 251658240                              {pd product} {ergonomic}
     bool SegmentedCodeCache                       = true                                      {product} {ergonomic}
     bool ShowCodeDetailsInExceptionMessages       = true                                   {manageable} {command line}
   size_t SoftMaxHeapSize                          = 2116026368                             {manageable} {ergonomic}
     bool UseCompressedClassPointers               = true                           {product lp64_product} {ergonomic}
     bool UseCompressedOops                        = true                           {product lp64_product} {ergonomic}
     bool UseG1GC                                  = true                                      {product} {ergonomic}
     bool UseLargePagesIndividualAllocation        = false                                  {pd product} {ergonomic}

Logging:
Log output configuration:
 #0: stdout all=warning uptime,level,tags
 #1: stderr all=off uptime,level,tags

Environment Variables:
JAVA_HOME=C:\Program Files\Java\jdk-17.0.1\bin
PATH=C:/Program Files/Java/jdk-16.0.2/bin/server;C:/Program Files/Java/jdk-16.0.2/bin;C:\Program Files\Java\jdk-16.0.2\bin;C:\app\svenk\product\18.0.0\dbhomeXE\bin;C:\Program Files\Common Files\Oracle\Java\javapath;C:\WINDOWS\system32;C:\WINDOWS;C:\WINDOWS\System32\Wbem;C:\WINDOWS\System32\WindowsPowerShell\v1.0\;C:\WINDOWS\System32\OpenSSH\;C:\Program Files\Java\jdk-9.0.4\bin;C:\Users\svenk\AppData\Local\Android\Sdk;C:\Users\svenk\AppData\Local\Android\Sdk\tools;C:\Users\svenk\AppData\Local\Android\Sdk\tools\bin;C:\Users\svenk\AppData\Local\Android\Sdk\platform-tools;C:\Programs\Python\Python38-32\Scripts;C:\Program Files\Java\jdk-16.0.2\bin;C:\Program Files\Git\cmd;C:\Program Files\dotnet\;C:\Program Files\nodejs\;C:\ProgramData\chocolatey\bin;C:\Program Files\MySQL\MySQL Shell 8.0\bin\;C:\Programs\Python\Python38-32\Scripts\;C:\Programs\Python\Python38-32\;C:\Users\svenk\AppData\Local\Microsoft\WindowsApps;;C:\Program Files\JetBrains\PyCharm Community Edition 2020.3.3\bin;;C:\Users\svenk\.dotnet\tools;C:\Users\svenk\AppData\Roaming\npm;C:\Learning\Microsoft VS Code\bin;C:\WINDOWS\system32;
USERNAME=svenk
OS=Windows_NT
PROCESSOR_IDENTIFIER=Intel64 Family 6 Model 142 Stepping 12, GenuineIntel



---------------  S Y S T E M  ---------------

OS:
 Windows 10 , 64 bit Build 19041 (10.0.19041.2364)
OS uptime: 3 days 15:09 hours

CPU: total 8 (initial active 8) (4 cores per cpu, 2 threads per core) family 6 model 142 stepping 12 microcode 0xb8, cx8, cmov, fxsr, ht, mmx, 3dnowpref, sse, sse2, sse3, ssse3, sse4.1, sse4.2, popcnt, lzcnt, tsc, tscinvbit, avx, avx2, aes, erms, clmul, bmi1, bmi2, adx, fma, vzeroupper, clflush, clflushopt

Memory: 4k page, system-wide physical 8071M (1076M free)
TotalPageFile size 11071M (AvailPageFile size 77M)
current process WorkingSet (physical memory assigned to process): 10M, peak: 10M
current process commit charge ("private bytes"): 60M, peak: 188M

vm_info: Java HotSpot(TM) 64-Bit Server VM (16.0.2+7-67) for windows-amd64 JRE (16.0.2+7-67), built on Jun  8 2021 23:24:19 by "mach5one" with MS VC++ 16.7 (VS2019)

END.
